The system is: Darwin - 13.0.0 - i386
Compiling the C compiler identification source file "CMakeCCompilerId.c" succeeded.
Compiler: /opt/local/bin/gcc 
Build flags: 
Id flags: 

The output was:
0


Compilation of the C compiler identification source "CMakeCCompilerId.c" produced "a.out"

The C compiler identification is GNU, found in "/Users/nikki/Work/github/yamail/build/CMakeFiles/2.8.12/CompilerIdC/a.out"

Compiling the CXX compiler identification source file "CMakeCXXCompilerId.cpp" succeeded.
Compiler: /opt/local/bin/g++ 
Build flags: 
Id flags: 

The output was:
0


Compilation of the CXX compiler identification source "CMakeCXXCompilerId.cpp" produced "a.out"

The CXX compiler identification is GNU, found in "/Users/nikki/Work/github/yamail/build/CMakeFiles/2.8.12/CompilerIdCXX/a.out"

Determining if the C compiler works passed with the following output:
Change Dir: /Users/nikki/Work/github/yamail/build/CMakeFiles/CMakeTmp

Run Build Command:/usr/bin/make "cmTryCompileExec4131333290/fast"
/Applications/Xcode.app/Contents/Developer/usr/bin/make -f CMakeFiles/cmTryCompileExec4131333290.dir/build.make CMakeFiles/cmTryCompileExec4131333290.dir/build
/opt/local/bin/cmake -E cmake_progress_report /Users/nikki/Work/github/yamail/build/CMakeFiles/CMakeTmp/CMakeFiles 1
Building C object CMakeFiles/cmTryCompileExec4131333290.dir/testCCompiler.c.o
/opt/local/bin/gcc   -Wall -Werror -std=c99    -o CMakeFiles/cmTryCompileExec4131333290.dir/testCCompiler.c.o   -c /Users/nikki/Work/github/yamail/build/CMakeFiles/CMakeTmp/testCCompiler.c
Linking C executable cmTryCompileExec4131333290
/opt/local/bin/cmake -E cmake_link_script CMakeFiles/cmTryCompileExec4131333290.dir/link.txt --verbose=1
/opt/local/bin/gcc   -Wall -Werror -std=c99  -Wl,-search_paths_first -Wl,-headerpad_max_install_names   CMakeFiles/cmTryCompileExec4131333290.dir/testCCompiler.c.o  -o cmTryCompileExec4131333290  


Detecting C compiler ABI info compiled with the following output:
Change Dir: /Users/nikki/Work/github/yamail/build/CMakeFiles/CMakeTmp

Run Build Command:/usr/bin/make "cmTryCompileExec4104621331/fast"
/Applications/Xcode.app/Contents/Developer/usr/bin/make -f CMakeFiles/cmTryCompileExec4104621331.dir/build.make CMakeFiles/cmTryCompileExec4104621331.dir/build
/opt/local/bin/cmake -E cmake_progress_report /Users/nikki/Work/github/yamail/build/CMakeFiles/CMakeTmp/CMakeFiles 1
Building C object CMakeFiles/cmTryCompileExec4104621331.dir/CMakeCCompilerABI.c.o
/opt/local/bin/gcc   -Wall -Werror -std=c99    -o CMakeFiles/cmTryCompileExec4104621331.dir/CMakeCCompilerABI.c.o   -c /opt/local/share/cmake-2.8/Modules/CMakeCCompilerABI.c
Linking C executable cmTryCompileExec4104621331
/opt/local/bin/cmake -E cmake_link_script CMakeFiles/cmTryCompileExec4104621331.dir/link.txt --verbose=1
/opt/local/bin/gcc   -Wall -Werror -std=c99  -Wl,-search_paths_first -Wl,-headerpad_max_install_names -v -Wl,-v CMakeFiles/cmTryCompileExec4104621331.dir/CMakeCCompilerABI.c.o  -o cmTryCompileExec4104621331   
Reading specs from /opt/local/lib/gcc49/gcc/x86_64-apple-darwin13/4.9.0/specs
COLLECT_GCC=/opt/local/bin/gcc
COLLECT_LTO_WRAPPER=/opt/local/libexec/gcc/x86_64-apple-darwin13/4.9.0/lto-wrapper
Target: x86_64-apple-darwin13
Configured with: /opt/local/var/macports/build/_opt_mports_dports_lang_gcc49/gcc49/work/gcc-4.9-20140209/configure --prefix=/opt/local --build=x86_64-apple-darwin13 --enable-languages=c,c++,objc,obj-c++,fortran,java --libdir=/opt/local/lib/gcc49 --includedir=/opt/local/include/gcc49 --infodir=/opt/local/share/info --mandir=/opt/local/share/man --datarootdir=/opt/local/share/gcc-4.9 --with-local-prefix=/opt/local --with-system-zlib --disable-nls --program-suffix=-mp-4.9 --with-gxx-include-dir=/opt/local/include/gcc49/c++/ --with-gmp=/opt/local --with-mpfr=/opt/local --with-mpc=/opt/local --with-cloog=/opt/local --enable-cloog-backend=isl --disable-cloog-version-check --enable-stage1-checking --disable-multilib --enable-lto --enable-libstdcxx-time --with-as=/opt/local/bin/as --with-ld=/opt/local/bin/ld --with-ar=/opt/local/bin/ar --with-bugurl=https://trac.macports.org/newticket --with-pkgversion='MacPorts gcc49 4.9-20140209_0'
Thread model: posix
gcc version 4.9.0 20140209 (experimental) (MacPorts gcc49 4.9-20140209_0) 
COMPILER_PATH=/opt/local/libexec/gcc/x86_64-apple-darwin13/4.9.0/:/opt/local/libexec/gcc/x86_64-apple-darwin13/4.9.0/:/opt/local/libexec/gcc/x86_64-apple-darwin13/:/opt/local/lib/gcc49/gcc/x86_64-apple-darwin13/4.9.0/:/opt/local/lib/gcc49/gcc/x86_64-apple-darwin13/
LIBRARY_PATH=/opt/local/lib/gcc49/gcc/x86_64-apple-darwin13/4.9.0/:/opt/local/lib/gcc49/gcc/x86_64-apple-darwin13/4.9.0/../../../:/usr/lib/
COLLECT_GCC_OPTIONS='-mmacosx-version-min=10.9.0' '-Wall' '-Werror' '-std=c99' '-v' '-o' 'cmTryCompileExec4104621331' '-mtune=core2'
 /opt/local/libexec/gcc/x86_64-apple-darwin13/4.9.0/collect2 -dynamic -arch x86_64 -macosx_version_min 10.9.0 -weak_reference_mismatches non-weak -o cmTryCompileExec4104621331 -L/opt/local/lib/gcc49/gcc/x86_64-apple-darwin13/4.9.0 -L/opt/local/lib/gcc49/gcc/x86_64-apple-darwin13/4.9.0/../../.. -L/opt/local/lib -L/usr/local/lib -search_paths_first -headerpad_max_install_names -v CMakeFiles/cmTryCompileExec4104621331.dir/CMakeCCompilerABI.c.o -no_compact_unwind -lSystem -lgcc_ext.10.5 -lgcc -lSystem -v
collect2 version 4.9.0 20140209 (experimental)
/opt/local/bin/ld -dynamic -arch x86_64 -macosx_version_min 10.9.0 -weak_reference_mismatches non-weak -o cmTryCompileExec4104621331 -L/opt/local/lib/gcc49/gcc/x86_64-apple-darwin13/4.9.0 -L/opt/local/lib/gcc49/gcc/x86_64-apple-darwin13/4.9.0/../../.. -L/opt/local/lib -L/usr/local/lib -search_paths_first -headerpad_max_install_names -v CMakeFiles/cmTryCompileExec4104621331.dir/CMakeCCompilerABI.c.o -no_compact_unwind -lSystem -lgcc_ext.10.5 -lgcc -lSystem -v
@(#)PROGRAM:ld  PROJECT:ld64-136
configured to support archs: i386 x86_64 armv7 armv7s
@(#)PROGRAM:ld  PROJECT:ld64-136
configured to support archs: i386 x86_64 armv7 armv7s
Library search paths:
	/opt/local/lib/gcc49/gcc/x86_64-apple-darwin13/4.9.0
	/opt/local/lib/gcc49
	/opt/local/lib
	/usr/local/lib
	/usr/lib
	/usr/local/lib
Framework search paths:
	/Library/Frameworks/
	/System/Library/Frameworks/


Parsed C implicit link information from above output:
  link line regex: [^( *|.*[/\])(ld|([^/\]+-)?ld|collect2)[^/\]*( |$)]
  ignore line: [Change Dir: /Users/nikki/Work/github/yamail/build/CMakeFiles/CMakeTmp]
  ignore line: []
  ignore line: [Run Build Command:/usr/bin/make "cmTryCompileExec4104621331/fast"]
  ignore line: [/Applications/Xcode.app/Contents/Developer/usr/bin/make -f CMakeFiles/cmTryCompileExec4104621331.dir/build.make CMakeFiles/cmTryCompileExec4104621331.dir/build]
  ignore line: [/opt/local/bin/cmake -E cmake_progress_report /Users/nikki/Work/github/yamail/build/CMakeFiles/CMakeTmp/CMakeFiles 1]
  ignore line: [Building C object CMakeFiles/cmTryCompileExec4104621331.dir/CMakeCCompilerABI.c.o]
  ignore line: [/opt/local/bin/gcc   -Wall -Werror -std=c99    -o CMakeFiles/cmTryCompileExec4104621331.dir/CMakeCCompilerABI.c.o   -c /opt/local/share/cmake-2.8/Modules/CMakeCCompilerABI.c]
  ignore line: [Linking C executable cmTryCompileExec4104621331]
  ignore line: [/opt/local/bin/cmake -E cmake_link_script CMakeFiles/cmTryCompileExec4104621331.dir/link.txt --verbose=1]
  ignore line: [/opt/local/bin/gcc   -Wall -Werror -std=c99  -Wl,-search_paths_first -Wl,-headerpad_max_install_names -v -Wl,-v CMakeFiles/cmTryCompileExec4104621331.dir/CMakeCCompilerABI.c.o  -o cmTryCompileExec4104621331   ]
  ignore line: [Reading specs from /opt/local/lib/gcc49/gcc/x86_64-apple-darwin13/4.9.0/specs]
  ignore line: [COLLECT_GCC=/opt/local/bin/gcc]
  ignore line: [COLLECT_LTO_WRAPPER=/opt/local/libexec/gcc/x86_64-apple-darwin13/4.9.0/lto-wrapper]
  ignore line: [Target: x86_64-apple-darwin13]
  ignore line: [Configured with: /opt/local/var/macports/build/_opt_mports_dports_lang_gcc49/gcc49/work/gcc-4.9-20140209/configure --prefix=/opt/local --build=x86_64-apple-darwin13 --enable-languages=c,c++,objc,obj-c++,fortran,java --libdir=/opt/local/lib/gcc49 --includedir=/opt/local/include/gcc49 --infodir=/opt/local/share/info --mandir=/opt/local/share/man --datarootdir=/opt/local/share/gcc-4.9 --with-local-prefix=/opt/local --with-system-zlib --disable-nls --program-suffix=-mp-4.9 --with-gxx-include-dir=/opt/local/include/gcc49/c++/ --with-gmp=/opt/local --with-mpfr=/opt/local --with-mpc=/opt/local --with-cloog=/opt/local --enable-cloog-backend=isl --disable-cloog-version-check --enable-stage1-checking --disable-multilib --enable-lto --enable-libstdcxx-time --with-as=/opt/local/bin/as --with-ld=/opt/local/bin/ld --with-ar=/opt/local/bin/ar --with-bugurl=https://trac.macports.org/newticket --with-pkgversion='MacPorts gcc49 4.9-20140209_0']
  ignore line: [Thread model: posix]
  ignore line: [gcc version 4.9.0 20140209 (experimental) (MacPorts gcc49 4.9-20140209_0) ]
  ignore line: [COMPILER_PATH=/opt/local/libexec/gcc/x86_64-apple-darwin13/4.9.0/:/opt/local/libexec/gcc/x86_64-apple-darwin13/4.9.0/:/opt/local/libexec/gcc/x86_64-apple-darwin13/:/opt/local/lib/gcc49/gcc/x86_64-apple-darwin13/4.9.0/:/opt/local/lib/gcc49/gcc/x86_64-apple-darwin13/]
  ignore line: [LIBRARY_PATH=/opt/local/lib/gcc49/gcc/x86_64-apple-darwin13/4.9.0/:/opt/local/lib/gcc49/gcc/x86_64-apple-darwin13/4.9.0/../../../:/usr/lib/]
  ignore line: [COLLECT_GCC_OPTIONS='-mmacosx-version-min=10.9.0' '-Wall' '-Werror' '-std=c99' '-v' '-o' 'cmTryCompileExec4104621331' '-mtune=core2']
  link line: [ /opt/local/libexec/gcc/x86_64-apple-darwin13/4.9.0/collect2 -dynamic -arch x86_64 -macosx_version_min 10.9.0 -weak_reference_mismatches non-weak -o cmTryCompileExec4104621331 -L/opt/local/lib/gcc49/gcc/x86_64-apple-darwin13/4.9.0 -L/opt/local/lib/gcc49/gcc/x86_64-apple-darwin13/4.9.0/../../.. -L/opt/local/lib -L/usr/local/lib -search_paths_first -headerpad_max_install_names -v CMakeFiles/cmTryCompileExec4104621331.dir/CMakeCCompilerABI.c.o -no_compact_unwind -lSystem -lgcc_ext.10.5 -lgcc -lSystem -v]
    arg [/opt/local/libexec/gcc/x86_64-apple-darwin13/4.9.0/collect2] ==> ignore
    arg [-dynamic] ==> ignore
    arg [-arch] ==> ignore
    arg [x86_64] ==> ignore
    arg [-macosx_version_min] ==> ignore
    arg [10.9.0] ==> ignore
    arg [-weak_reference_mismatches] ==> ignore
    arg [non-weak] ==> ignore
    arg [-o] ==> ignore
    arg [cmTryCompileExec4104621331] ==> ignore
    arg [-L/opt/local/lib/gcc49/gcc/x86_64-apple-darwin13/4.9.0] ==> dir [/opt/local/lib/gcc49/gcc/x86_64-apple-darwin13/4.9.0]
    arg [-L/opt/local/lib/gcc49/gcc/x86_64-apple-darwin13/4.9.0/../../..] ==> dir [/opt/local/lib/gcc49/gcc/x86_64-apple-darwin13/4.9.0/../../..]
    arg [-L/opt/local/lib] ==> dir [/opt/local/lib]
    arg [-L/usr/local/lib] ==> dir [/usr/local/lib]
    arg [-search_paths_first] ==> ignore
    arg [-headerpad_max_install_names] ==> ignore
    arg [-v] ==> ignore
    arg [CMakeFiles/cmTryCompileExec4104621331.dir/CMakeCCompilerABI.c.o] ==> ignore
    arg [-no_compact_unwind] ==> ignore
    arg [-lSystem] ==> lib [System]
    arg [-lgcc_ext.10.5] ==> lib [gcc_ext.10.5]
    arg [-lgcc] ==> lib [gcc]
    arg [-lSystem] ==> lib [System]
    arg [-v] ==> ignore
  Library search paths: [;/opt/local/lib/gcc49/gcc/x86_64-apple-darwin13/4.9.0;/opt/local/lib/gcc49;/opt/local/lib;/usr/local/lib;/usr/lib;/usr/local/lib]
  Framework search paths: [;/Library/Frameworks/;/System/Library/Frameworks/]
  remove lib [System]
  remove lib [gcc_ext.10.5]
  remove lib [gcc]
  remove lib [System]
  collapse library dir [/opt/local/lib/gcc49/gcc/x86_64-apple-darwin13/4.9.0] ==> [/opt/local/lib/gcc49/gcc/x86_64-apple-darwin13/4.9.0]
  collapse library dir [/opt/local/lib/gcc49/gcc/x86_64-apple-darwin13/4.9.0/../../..] ==> [/opt/local/lib/gcc49]
  collapse library dir [/opt/local/lib] ==> [/opt/local/lib]
  collapse library dir [/usr/local/lib] ==> [/usr/local/lib]
  collapse library dir [/opt/local/lib/gcc49/gcc/x86_64-apple-darwin13/4.9.0] ==> [/opt/local/lib/gcc49/gcc/x86_64-apple-darwin13/4.9.0]
  collapse library dir [/opt/local/lib/gcc49] ==> [/opt/local/lib/gcc49]
  collapse library dir [/opt/local/lib] ==> [/opt/local/lib]
  collapse library dir [/usr/local/lib] ==> [/usr/local/lib]
  collapse library dir [/usr/lib] ==> [/usr/lib]
  collapse library dir [/usr/local/lib] ==> [/usr/local/lib]
  collapse framework dir [/Library/Frameworks/] ==> [/Library/Frameworks]
  collapse framework dir [/System/Library/Frameworks/] ==> [/System/Library/Frameworks]
  implicit libs: []
  implicit dirs: [/opt/local/lib/gcc49/gcc/x86_64-apple-darwin13/4.9.0;/opt/local/lib/gcc49;/opt/local/lib;/usr/local/lib;/usr/lib]
  implicit fwks: [/Library/Frameworks;/System/Library/Frameworks]


Determining if the CXX compiler works passed with the following output:
Change Dir: /Users/nikki/Work/github/yamail/build/CMakeFiles/CMakeTmp

Run Build Command:/usr/bin/make "cmTryCompileExec1160143619/fast"
/Applications/Xcode.app/Contents/Developer/usr/bin/make -f CMakeFiles/cmTryCompileExec1160143619.dir/build.make CMakeFiles/cmTryCompileExec1160143619.dir/build
/opt/local/bin/cmake -E cmake_progress_report /Users/nikki/Work/github/yamail/build/CMakeFiles/CMakeTmp/CMakeFiles 1
Building CXX object CMakeFiles/cmTryCompileExec1160143619.dir/testCXXCompiler.cxx.o
/opt/local/bin/g++    -Wall -Werror -std=c++1y    -o CMakeFiles/cmTryCompileExec1160143619.dir/testCXXCompiler.cxx.o -c /Users/nikki/Work/github/yamail/build/CMakeFiles/CMakeTmp/testCXXCompiler.cxx
Linking CXX executable cmTryCompileExec1160143619
/opt/local/bin/cmake -E cmake_link_script CMakeFiles/cmTryCompileExec1160143619.dir/link.txt --verbose=1
/opt/local/bin/g++    -Wall -Werror -std=c++1y  -Wl,-search_paths_first -Wl,-headerpad_max_install_names   CMakeFiles/cmTryCompileExec1160143619.dir/testCXXCompiler.cxx.o  -o cmTryCompileExec1160143619  


Detecting CXX compiler ABI info compiled with the following output:
Change Dir: /Users/nikki/Work/github/yamail/build/CMakeFiles/CMakeTmp

Run Build Command:/usr/bin/make "cmTryCompileExec185632947/fast"
/Applications/Xcode.app/Contents/Developer/usr/bin/make -f CMakeFiles/cmTryCompileExec185632947.dir/build.make CMakeFiles/cmTryCompileExec185632947.dir/build
/opt/local/bin/cmake -E cmake_progress_report /Users/nikki/Work/github/yamail/build/CMakeFiles/CMakeTmp/CMakeFiles 1
Building CXX object CMakeFiles/cmTryCompileExec185632947.dir/CMakeCXXCompilerABI.cpp.o
/opt/local/bin/g++    -Wall -Werror -std=c++1y    -o CMakeFiles/cmTryCompileExec185632947.dir/CMakeCXXCompilerABI.cpp.o -c /opt/local/share/cmake-2.8/Modules/CMakeCXXCompilerABI.cpp
Linking CXX executable cmTryCompileExec185632947
/opt/local/bin/cmake -E cmake_link_script CMakeFiles/cmTryCompileExec185632947.dir/link.txt --verbose=1
/opt/local/bin/g++    -Wall -Werror -std=c++1y  -Wl,-search_paths_first -Wl,-headerpad_max_install_names -v -Wl,-v CMakeFiles/cmTryCompileExec185632947.dir/CMakeCXXCompilerABI.cpp.o  -o cmTryCompileExec185632947   
Reading specs from /opt/local/lib/gcc49/gcc/x86_64-apple-darwin13/4.9.0/specs
COLLECT_GCC=/opt/local/bin/g++
COLLECT_LTO_WRAPPER=/opt/local/libexec/gcc/x86_64-apple-darwin13/4.9.0/lto-wrapper
Target: x86_64-apple-darwin13
Configured with: /opt/local/var/macports/build/_opt_mports_dports_lang_gcc49/gcc49/work/gcc-4.9-20140209/configure --prefix=/opt/local --build=x86_64-apple-darwin13 --enable-languages=c,c++,objc,obj-c++,fortran,java --libdir=/opt/local/lib/gcc49 --includedir=/opt/local/include/gcc49 --infodir=/opt/local/share/info --mandir=/opt/local/share/man --datarootdir=/opt/local/share/gcc-4.9 --with-local-prefix=/opt/local --with-system-zlib --disable-nls --program-suffix=-mp-4.9 --with-gxx-include-dir=/opt/local/include/gcc49/c++/ --with-gmp=/opt/local --with-mpfr=/opt/local --with-mpc=/opt/local --with-cloog=/opt/local --enable-cloog-backend=isl --disable-cloog-version-check --enable-stage1-checking --disable-multilib --enable-lto --enable-libstdcxx-time --with-as=/opt/local/bin/as --with-ld=/opt/local/bin/ld --with-ar=/opt/local/bin/ar --with-bugurl=https://trac.macports.org/newticket --with-pkgversion='MacPorts gcc49 4.9-20140209_0'
Thread model: posix
gcc version 4.9.0 20140209 (experimental) (MacPorts gcc49 4.9-20140209_0) 
COMPILER_PATH=/opt/local/libexec/gcc/x86_64-apple-darwin13/4.9.0/:/opt/local/libexec/gcc/x86_64-apple-darwin13/4.9.0/:/opt/local/libexec/gcc/x86_64-apple-darwin13/:/opt/local/lib/gcc49/gcc/x86_64-apple-darwin13/4.9.0/:/opt/local/lib/gcc49/gcc/x86_64-apple-darwin13/
LIBRARY_PATH=/opt/local/lib/gcc49/gcc/x86_64-apple-darwin13/4.9.0/:/opt/local/lib/gcc49/gcc/x86_64-apple-darwin13/4.9.0/../../../:/usr/lib/
COLLECT_GCC_OPTIONS='-mmacosx-version-min=10.9.0' '-Wall' '-Werror' '-std=c++1y' '-v' '-o' 'cmTryCompileExec185632947' '-shared-libgcc' '-mtune=core2'
 /opt/local/libexec/gcc/x86_64-apple-darwin13/4.9.0/collect2 -dynamic -arch x86_64 -macosx_version_min 10.9.0 -weak_reference_mismatches non-weak -o cmTryCompileExec185632947 -L/opt/local/lib/gcc49/gcc/x86_64-apple-darwin13/4.9.0 -L/opt/local/lib/gcc49/gcc/x86_64-apple-darwin13/4.9.0/../../.. -L/opt/local/lib -L/usr/local/lib -search_paths_first -headerpad_max_install_names -v CMakeFiles/cmTryCompileExec185632947.dir/CMakeCXXCompilerABI.cpp.o -lstdc++ -no_compact_unwind -lSystem -lgcc_ext.10.5 -lgcc -lSystem -v
collect2 version 4.9.0 20140209 (experimental)
/opt/local/bin/ld -dynamic -arch x86_64 -macosx_version_min 10.9.0 -weak_reference_mismatches non-weak -o cmTryCompileExec185632947 -L/opt/local/lib/gcc49/gcc/x86_64-apple-darwin13/4.9.0 -L/opt/local/lib/gcc49/gcc/x86_64-apple-darwin13/4.9.0/../../.. -L/opt/local/lib -L/usr/local/lib -search_paths_first -headerpad_max_install_names -v CMakeFiles/cmTryCompileExec185632947.dir/CMakeCXXCompilerABI.cpp.o -lstdc++ -no_compact_unwind -lSystem -lgcc_ext.10.5 -lgcc -lSystem -v
@(#)PROGRAM:ld  PROJECT:ld64-136
configured to support archs: i386 x86_64 armv7 armv7s
@(#)PROGRAM:ld  PROJECT:ld64-136
configured to support archs: i386 x86_64 armv7 armv7s
Library search paths:
	/opt/local/lib/gcc49/gcc/x86_64-apple-darwin13/4.9.0
	/opt/local/lib/gcc49
	/opt/local/lib
	/usr/local/lib
	/usr/lib
	/usr/local/lib
Framework search paths:
	/Library/Frameworks/
	/System/Library/Frameworks/


Parsed CXX implicit link information from above output:
  link line regex: [^( *|.*[/\])(ld|([^/\]+-)?ld|collect2)[^/\]*( |$)]
  ignore line: [Change Dir: /Users/nikki/Work/github/yamail/build/CMakeFiles/CMakeTmp]
  ignore line: []
  ignore line: [Run Build Command:/usr/bin/make "cmTryCompileExec185632947/fast"]
  ignore line: [/Applications/Xcode.app/Contents/Developer/usr/bin/make -f CMakeFiles/cmTryCompileExec185632947.dir/build.make CMakeFiles/cmTryCompileExec185632947.dir/build]
  ignore line: [/opt/local/bin/cmake -E cmake_progress_report /Users/nikki/Work/github/yamail/build/CMakeFiles/CMakeTmp/CMakeFiles 1]
  ignore line: [Building CXX object CMakeFiles/cmTryCompileExec185632947.dir/CMakeCXXCompilerABI.cpp.o]
  ignore line: [/opt/local/bin/g++    -Wall -Werror -std=c++1y    -o CMakeFiles/cmTryCompileExec185632947.dir/CMakeCXXCompilerABI.cpp.o -c /opt/local/share/cmake-2.8/Modules/CMakeCXXCompilerABI.cpp]
  ignore line: [Linking CXX executable cmTryCompileExec185632947]
  ignore line: [/opt/local/bin/cmake -E cmake_link_script CMakeFiles/cmTryCompileExec185632947.dir/link.txt --verbose=1]
  ignore line: [/opt/local/bin/g++    -Wall -Werror -std=c++1y  -Wl,-search_paths_first -Wl,-headerpad_max_install_names -v -Wl,-v CMakeFiles/cmTryCompileExec185632947.dir/CMakeCXXCompilerABI.cpp.o  -o cmTryCompileExec185632947   ]
  ignore line: [Reading specs from /opt/local/lib/gcc49/gcc/x86_64-apple-darwin13/4.9.0/specs]
  ignore line: [COLLECT_GCC=/opt/local/bin/g++]
  ignore line: [COLLECT_LTO_WRAPPER=/opt/local/libexec/gcc/x86_64-apple-darwin13/4.9.0/lto-wrapper]
  ignore line: [Target: x86_64-apple-darwin13]
  ignore line: [Configured with: /opt/local/var/macports/build/_opt_mports_dports_lang_gcc49/gcc49/work/gcc-4.9-20140209/configure --prefix=/opt/local --build=x86_64-apple-darwin13 --enable-languages=c,c++,objc,obj-c++,fortran,java --libdir=/opt/local/lib/gcc49 --includedir=/opt/local/include/gcc49 --infodir=/opt/local/share/info --mandir=/opt/local/share/man --datarootdir=/opt/local/share/gcc-4.9 --with-local-prefix=/opt/local --with-system-zlib --disable-nls --program-suffix=-mp-4.9 --with-gxx-include-dir=/opt/local/include/gcc49/c++/ --with-gmp=/opt/local --with-mpfr=/opt/local --with-mpc=/opt/local --with-cloog=/opt/local --enable-cloog-backend=isl --disable-cloog-version-check --enable-stage1-checking --disable-multilib --enable-lto --enable-libstdcxx-time --with-as=/opt/local/bin/as --with-ld=/opt/local/bin/ld --with-ar=/opt/local/bin/ar --with-bugurl=https://trac.macports.org/newticket --with-pkgversion='MacPorts gcc49 4.9-20140209_0']
  ignore line: [Thread model: posix]
  ignore line: [gcc version 4.9.0 20140209 (experimental) (MacPorts gcc49 4.9-20140209_0) ]
  ignore line: [COMPILER_PATH=/opt/local/libexec/gcc/x86_64-apple-darwin13/4.9.0/:/opt/local/libexec/gcc/x86_64-apple-darwin13/4.9.0/:/opt/local/libexec/gcc/x86_64-apple-darwin13/:/opt/local/lib/gcc49/gcc/x86_64-apple-darwin13/4.9.0/:/opt/local/lib/gcc49/gcc/x86_64-apple-darwin13/]
  ignore line: [LIBRARY_PATH=/opt/local/lib/gcc49/gcc/x86_64-apple-darwin13/4.9.0/:/opt/local/lib/gcc49/gcc/x86_64-apple-darwin13/4.9.0/../../../:/usr/lib/]
  ignore line: [COLLECT_GCC_OPTIONS='-mmacosx-version-min=10.9.0' '-Wall' '-Werror' '-std=c++1y' '-v' '-o' 'cmTryCompileExec185632947' '-shared-libgcc' '-mtune=core2']
  link line: [ /opt/local/libexec/gcc/x86_64-apple-darwin13/4.9.0/collect2 -dynamic -arch x86_64 -macosx_version_min 10.9.0 -weak_reference_mismatches non-weak -o cmTryCompileExec185632947 -L/opt/local/lib/gcc49/gcc/x86_64-apple-darwin13/4.9.0 -L/opt/local/lib/gcc49/gcc/x86_64-apple-darwin13/4.9.0/../../.. -L/opt/local/lib -L/usr/local/lib -search_paths_first -headerpad_max_install_names -v CMakeFiles/cmTryCompileExec185632947.dir/CMakeCXXCompilerABI.cpp.o -lstdc++ -no_compact_unwind -lSystem -lgcc_ext.10.5 -lgcc -lSystem -v]
    arg [/opt/local/libexec/gcc/x86_64-apple-darwin13/4.9.0/collect2] ==> ignore
    arg [-dynamic] ==> ignore
    arg [-arch] ==> ignore
    arg [x86_64] ==> ignore
    arg [-macosx_version_min] ==> ignore
    arg [10.9.0] ==> ignore
    arg [-weak_reference_mismatches] ==> ignore
    arg [non-weak] ==> ignore
    arg [-o] ==> ignore
    arg [cmTryCompileExec185632947] ==> ignore
    arg [-L/opt/local/lib/gcc49/gcc/x86_64-apple-darwin13/4.9.0] ==> dir [/opt/local/lib/gcc49/gcc/x86_64-apple-darwin13/4.9.0]
    arg [-L/opt/local/lib/gcc49/gcc/x86_64-apple-darwin13/4.9.0/../../..] ==> dir [/opt/local/lib/gcc49/gcc/x86_64-apple-darwin13/4.9.0/../../..]
    arg [-L/opt/local/lib] ==> dir [/opt/local/lib]
    arg [-L/usr/local/lib] ==> dir [/usr/local/lib]
    arg [-search_paths_first] ==> ignore
    arg [-headerpad_max_install_names] ==> ignore
    arg [-v] ==> ignore
    arg [CMakeFiles/cmTryCompileExec185632947.dir/CMakeCXXCompilerABI.cpp.o] ==> ignore
    arg [-lstdc++] ==> lib [stdc++]
    arg [-no_compact_unwind] ==> ignore
    arg [-lSystem] ==> lib [System]
    arg [-lgcc_ext.10.5] ==> lib [gcc_ext.10.5]
    arg [-lgcc] ==> lib [gcc]
    arg [-lSystem] ==> lib [System]
    arg [-v] ==> ignore
  Library search paths: [;/opt/local/lib/gcc49/gcc/x86_64-apple-darwin13/4.9.0;/opt/local/lib/gcc49;/opt/local/lib;/usr/local/lib;/usr/lib;/usr/local/lib]
  Framework search paths: [;/Library/Frameworks/;/System/Library/Frameworks/]
  remove lib [System]
  remove lib [gcc_ext.10.5]
  remove lib [gcc]
  remove lib [System]
  collapse library dir [/opt/local/lib/gcc49/gcc/x86_64-apple-darwin13/4.9.0] ==> [/opt/local/lib/gcc49/gcc/x86_64-apple-darwin13/4.9.0]
  collapse library dir [/opt/local/lib/gcc49/gcc/x86_64-apple-darwin13/4.9.0/../../..] ==> [/opt/local/lib/gcc49]
  collapse library dir [/opt/local/lib] ==> [/opt/local/lib]
  collapse library dir [/usr/local/lib] ==> [/usr/local/lib]
  collapse library dir [/opt/local/lib/gcc49/gcc/x86_64-apple-darwin13/4.9.0] ==> [/opt/local/lib/gcc49/gcc/x86_64-apple-darwin13/4.9.0]
  collapse library dir [/opt/local/lib/gcc49] ==> [/opt/local/lib/gcc49]
  collapse library dir [/opt/local/lib] ==> [/opt/local/lib]
  collapse library dir [/usr/local/lib] ==> [/usr/local/lib]
  collapse library dir [/usr/lib] ==> [/usr/lib]
  collapse library dir [/usr/local/lib] ==> [/usr/local/lib]
  collapse framework dir [/Library/Frameworks/] ==> [/Library/Frameworks]
  collapse framework dir [/System/Library/Frameworks/] ==> [/System/Library/Frameworks]
  implicit libs: [stdc++]
  implicit dirs: [/opt/local/lib/gcc49/gcc/x86_64-apple-darwin13/4.9.0;/opt/local/lib/gcc49;/opt/local/lib;/usr/local/lib;/usr/lib]
  implicit fwks: [/Library/Frameworks;/System/Library/Frameworks]


